twa/android/generated/app/build/intermediates/manifest_merge_blame_file/release/processReleaseMainManifest/manifest-merger-blame-release-report.txt
1<?xml version="1.0" encoding="utf-8"?>
2<!--
3    Copyright 2019 Google Inc. All Rights Reserved.
4
5     Licensed under the Apache License, Version 2.0 (the "License");
6     you may not use this file except in compliance with the License.
7     You may obtain a copy of the License at
8
9         http://www.apache.org/licenses/LICENSE-2.0
10
11     Unless required by applicable law or agreed to in writing, software
12     distributed under the License is distributed on an "AS IS" BASIS,
13     WITHOUT WARRANTIES OR CONDITIONS OF ANY KIND, either express or implied.
14     See the License for the specific language governing permissions and
15     limitations under the License.
16-->
17<!--
18 The "package" attribute is rewritten by the Gradle build with the value of applicationId.
19     It is still required here, as it is used to derive paths, for instance when referring
20     to an Activity by ".MyActivity" instead of the full name. If more Activities are added to the
21     application, the package attribute will need to reflect the correct path in order to use
22     the abbreviated format.
23-->
24<manifest xmlns:android="http://schemas.android.com/apk/res/android"
25    package="ae.servia.app"
26    android:versionCode="1"
27    android:versionName="1" >
28
29    <uses-sdk
30        android:minSdkVersion="21"
31        android:targetSdkVersion="35" />
32
33    <uses-permission android:name="android.permission.POST_NOTIFICATIONS" />
33-->src/main/AndroidManifest.xml:26:9-80
33-->src/main/AndroidManifest.xml:26:26-78
34
35    <queries>
35-->[com.google.androidbrowserhelper:androidbrowserhelper:2.6.2] AndroidManifest.xml:22:5-30:15
36        <intent>
36-->[com.google.androidbrowserhelper:androidbrowserhelper:2.6.2] AndroidManifest.xml:23:9-29:18
37            <action android:name="android.intent.action.VIEW" />
37-->src/main/AndroidManifest.xml:166:17-68
37-->src/main/AndroidManifest.xml:166:25-66
38
39            <category android:name="android.intent.category.BROWSABLE" />
39-->src/main/AndroidManifest.xml:168:17-77
39-->src/main/AndroidManifest.xml:168:27-75
40
41            <data android:scheme="https" />
41-->src/main/AndroidManifest.xml:155:25-63
41-->src/main/AndroidManifest.xml:169:23-45
42        </intent>
43    </queries>
44
45    <permission
45-->[androidx.core:core:1.13.0] AndroidManifest.xml:22:5-24:47
46        android:name="ae.servia.app.DYNAMIC_RECEIVER_NOT_EXPORTED_PERMISSION"
46-->[androidx.core:core:1.13.0] AndroidManifest.xml:23:9-81
47        android:protectionLevel="signature" />
47-->[androidx.core:core:1.13.0] AndroidManifest.xml:24:9-44
48
49    <uses-permission android:name="ae.servia.app.DYNAMIC_RECEIVER_NOT_EXPORTED_PERMISSION" />
49-->[androidx.core:core:1.13.0] AndroidManifest.xml:26:5-97
49-->[androidx.core:core:1.13.0] AndroidManifest.xml:26:22-94
50
51    <application
51-->src/main/AndroidManifest.xml:35:5-303:19
52        android:name="ae.servia.app.Application"
52-->src/main/AndroidManifest.xml:36:9-35
53        android:allowBackup="true"
53-->src/main/AndroidManifest.xml:37:9-35
54        android:appComponentFactory="androidx.core.app.CoreComponentFactory"
54-->[androidx.core:core:1.13.0] AndroidManifest.xml:28:18-86
55        android:extractNativeLibs="true"
56        android:icon="@mipmap/ic_launcher"
56-->src/main/AndroidManifest.xml:38:9-43
57        android:label="@string/appName"
57-->src/main/AndroidManifest.xml:39:9-40
58        android:manageSpaceActivity="com.google.androidbrowserhelper.trusted.ManageDataLauncherActivity"
58-->src/main/AndroidManifest.xml:41:9-105
59        android:supportsRtl="true"
59-->src/main/AndroidManifest.xml:43:9-35
60        android:theme="@android:style/Theme.Translucent.NoTitleBar" >
60-->src/main/AndroidManifest.xml:44:9-68
61        <meta-data
61-->src/main/AndroidManifest.xml:46:9-48:58
62            android:name="asset_statements"
62-->src/main/AndroidManifest.xml:47:13-44
63            android:resource="@string/assetStatements" />
63-->src/main/AndroidManifest.xml:48:13-55
64        <meta-data
64-->src/main/AndroidManifest.xml:51:13-53:58
65            android:name="web_manifest_url"
65-->src/main/AndroidManifest.xml:52:17-48
66            android:value="@string/webManifestUrl" />
66-->src/main/AndroidManifest.xml:53:17-55
67        <meta-data
67-->src/main/AndroidManifest.xml:56:9-58:52
68            android:name="twa_generator"
68-->src/main/AndroidManifest.xml:57:13-41
69            android:value="@string/generatorApp" />
69-->src/main/AndroidManifest.xml:58:13-49
70
71        <activity
71-->src/main/AndroidManifest.xml:65:13-76:24
72            android:name="com.google.androidbrowserhelper.trusted.ManageDataLauncherActivity"
72-->src/main/AndroidManifest.xml:65:23-104
73            android:enabled="true"
73-->src/main/AndroidManifest.xml:67:17-39
74            android:excludeFromRecents="true"
74-->src/main/AndroidManifest.xml:68:17-50
75            android:exported="false" >
75-->src/main/AndroidManifest.xml:66:17-41
76            <meta-data
76-->src/main/AndroidManifest.xml:69:17-71:57
77                android:name="android.support.customtabs.trusted.MANAGE_SPACE_URL"
77-->src/main/AndroidManifest.xml:70:21-87
78                android:value="@string/launchUrl" />
78-->src/main/AndroidManifest.xml:71:21-54
79
80            <intent-filter>
80-->src/main/AndroidManifest.xml:72:17-75:33
81                <action android:name="android.intent.action.APPLICATION_PREFERENCES" />
81-->src/main/AndroidManifest.xml:73:21-92
81-->src/main/AndroidManifest.xml:73:29-89
82
83                <category android:name="android.intent.category.DEFAULT" />
83-->src/main/AndroidManifest.xml:74:21-80
83-->src/main/AndroidManifest.xml:74:31-77
84            </intent-filter>
85        </activity>
86        <activity
86-->src/main/AndroidManifest.xml:79:9-178:20
87            android:name="ae.servia.app.LauncherActivity"
87-->src/main/AndroidManifest.xml:79:19-50
88            android:alwaysRetainTaskState="true"
88-->src/main/AndroidManifest.xml:80:13-49
89            android:exported="true"
89-->src/main/AndroidManifest.xml:82:13-36
90            android:label="@string/launcherName" >
90-->src/main/AndroidManifest.xml:81:13-49
91            <meta-data
91-->src/main/AndroidManifest.xml:83:13-84:53
92                android:name="android.support.customtabs.trusted.DEFAULT_URL"
92-->src/main/AndroidManifest.xml:83:24-85
93                android:value="@string/launchUrl" />
93-->src/main/AndroidManifest.xml:84:17-50
94            <meta-data
94-->src/main/AndroidManifest.xml:86:13-88:58
95                android:name="android.support.customtabs.trusted.STATUS_BAR_COLOR"
95-->src/main/AndroidManifest.xml:87:17-83
96                android:resource="@color/colorPrimary" />
96-->src/main/AndroidManifest.xml:88:17-55
97            <meta-data
97-->src/main/AndroidManifest.xml:92:13-94:62
98                android:name="android.support.customtabs.trusted.STATUS_BAR_COLOR_DARK"
98-->src/main/AndroidManifest.xml:93:17-88
99                android:resource="@color/colorPrimaryDark" />
99-->src/main/AndroidManifest.xml:94:17-59
100            <meta-data
100-->src/main/AndroidManifest.xml:96:13-98:61
101                android:name="android.support.customtabs.trusted.NAVIGATION_BAR_COLOR"
101-->src/main/AndroidManifest.xml:97:17-87
102                android:resource="@color/navigationColor" />
102-->src/main/AndroidManifest.xml:98:17-58
103            <meta-data
103-->src/main/AndroidManifest.xml:100:13-102:65
104                android:name="android.support.customtabs.trusted.NAVIGATION_BAR_COLOR_DARK"
104-->src/main/AndroidManifest.xml:101:17-92
105                android:resource="@color/navigationColorDark" />
105-->src/main/AndroidManifest.xml:102:17-62
106            <meta-data
106-->src/main/AndroidManifest.xml:104:13-106:68
107                android:name="androix.browser.trusted.NAVIGATION_BAR_DIVIDER_COLOR"
107-->src/main/AndroidManifest.xml:105:17-84
108                android:resource="@color/navigationDividerColor" />
108-->src/main/AndroidManifest.xml:106:17-65
109            <meta-data
109-->src/main/AndroidManifest.xml:108:13-110:72
110                android:name="androix.browser.trusted.NAVIGATION_BAR_DIVIDER_COLOR_DARK"
110-->src/main/AndroidManifest.xml:109:17-89
111                android:resource="@color/navigationDividerColorDark" />
111-->src/main/AndroidManifest.xml:110:17-69
112            <meta-data
112-->src/main/AndroidManifest.xml:112:13-113:54
113                android:name="android.support.customtabs.trusted.SPLASH_IMAGE_DRAWABLE"
113-->src/main/AndroidManifest.xml:112:24-95
114                android:resource="@drawable/splash" />
114-->src/main/AndroidManifest.xml:113:17-52
115            <meta-data
115-->src/main/AndroidManifest.xml:115:13-116:60
116                android:name="android.support.customtabs.trusted.SPLASH_SCREEN_BACKGROUND_COLOR"
116-->src/main/AndroidManifest.xml:115:24-104
117                android:resource="@color/backgroundColor" />
117-->src/main/AndroidManifest.xml:116:17-58
118            <meta-data
118-->src/main/AndroidManifest.xml:118:13-119:71
119                android:name="android.support.customtabs.trusted.SPLASH_SCREEN_FADE_OUT_DURATION"
119-->src/main/AndroidManifest.xml:118:24-105
120                android:value="@integer/splashScreenFadeOutDuration" />
120-->src/main/AndroidManifest.xml:119:17-69
121            <meta-data
121-->src/main/AndroidManifest.xml:121:13-122:60
122                android:name="android.support.customtabs.trusted.FILE_PROVIDER_AUTHORITY"
122-->src/main/AndroidManifest.xml:121:24-97
123                android:value="@string/providerAuthority" />
123-->src/main/AndroidManifest.xml:122:17-58
124            <meta-data
124-->src/main/AndroidManifest.xml:124:13-97
125                android:name="android.app.shortcuts"
125-->src/main/AndroidManifest.xml:124:24-60
126                android:resource="@xml/shortcuts" />
126-->src/main/AndroidManifest.xml:124:61-94
127            <meta-data
127-->src/main/AndroidManifest.xml:126:13-127:56
128                android:name="android.support.customtabs.trusted.FALLBACK_STRATEGY"
128-->src/main/AndroidManifest.xml:126:24-91
129                android:value="@string/fallbackType" />
129-->src/main/AndroidManifest.xml:127:17-53
130            <meta-data
130-->src/main/AndroidManifest.xml:130:17-132:61
131                android:name="android.support.customtabs.trusted.METADATA_SHARE_TARGET"
131-->src/main/AndroidManifest.xml:131:21-92
132                android:resource="@string/shareTarget" />
132-->src/main/AndroidManifest.xml:132:21-59
133            <meta-data
133-->src/main/AndroidManifest.xml:137:13-138:54
134                android:name="android.support.customtabs.trusted.SCREEN_ORIENTATION"
134-->src/main/AndroidManifest.xml:137:24-92
135                android:value="@string/orientation" />
135-->src/main/AndroidManifest.xml:138:17-52
136            <meta-data
136-->src/main/AndroidManifest.xml:143:17-145:66
137                android:name="android.support.customtabs.trusted.DISPLAY_OVERRIDE"
137-->src/main/AndroidManifest.xml:144:21-87
138                android:resource="@array/display_override" />
138-->src/main/AndroidManifest.xml:145:21-63
139
140            <intent-filter>
140-->src/main/AndroidManifest.xml:149:17-157:33
141                <action android:name="android.intent.action.SEND" />
141-->src/main/AndroidManifest.xml:151:25-77
141-->src/main/AndroidManifest.xml:151:33-74
142
143                <category android:name="android.intent.category.DEFAULT" />
143-->src/main/AndroidManifest.xml:74:21-80
143-->src/main/AndroidManifest.xml:74:31-77
144
145                <data android:mimeType="text/plain" />
145-->src/main/AndroidManifest.xml:155:25-63
145-->src/main/AndroidManifest.xml:155:31-60
146            </intent-filter>
147            <intent-filter>
147-->src/main/AndroidManifest.xml:160:13-163:29
148                <action android:name="android.intent.action.MAIN" />
148-->src/main/AndroidManifest.xml:161:17-69
148-->src/main/AndroidManifest.xml:161:25-66
149
150                <category android:name="android.intent.category.LAUNCHER" />
150-->src/main/AndroidManifest.xml:162:17-77
150-->src/main/AndroidManifest.xml:162:27-74
151            </intent-filter>
152            <intent-filter android:autoVerify="true" >
152-->src/main/AndroidManifest.xml:165:13-173:29
152-->src/main/AndroidManifest.xml:165:28-53
153                <action android:name="android.intent.action.VIEW" />
153-->src/main/AndroidManifest.xml:166:17-68
153-->src/main/AndroidManifest.xml:166:25-66
154
155                <category android:name="android.intent.category.DEFAULT" />
155-->src/main/AndroidManifest.xml:74:21-80
155-->src/main/AndroidManifest.xml:74:31-77
156                <category android:name="android.intent.category.BROWSABLE" />
156-->src/main/AndroidManifest.xml:168:17-77
156-->src/main/AndroidManifest.xml:168:27-75
157
158                <data
158-->src/main/AndroidManifest.xml:155:25-63
159                    android:host="@string/hostName"
159-->src/main/AndroidManifest.xml:170:21-52
160                    android:scheme="https" />
160-->src/main/AndroidManifest.xml:169:23-45
161            </intent-filter>
162        </activity>
163        <activity android:name="com.google.androidbrowserhelper.trusted.FocusActivity" />
163-->src/main/AndroidManifest.xml:180:9-90
163-->src/main/AndroidManifest.xml:180:19-87
164        <activity
164-->src/main/AndroidManifest.xml:182:9-183:62
165            android:name="com.google.androidbrowserhelper.trusted.WebViewFallbackActivity"
165-->src/main/AndroidManifest.xml:182:19-97
166            android:configChanges="orientation|screenSize" />
166-->src/main/AndroidManifest.xml:183:13-59
167
168        <provider
168-->src/main/AndroidManifest.xml:185:9-193:20
169            android:name="androidx.core.content.FileProvider"
169-->src/main/AndroidManifest.xml:186:13-62
170            android:authorities="@string/providerAuthority"
170-->src/main/AndroidManifest.xml:187:13-60
171            android:exported="false"
171-->src/main/AndroidManifest.xml:189:13-37
172            android:grantUriPermissions="true" >
172-->src/main/AndroidManifest.xml:188:13-47
173            <meta-data
173-->src/main/AndroidManifest.xml:190:13-192:53
174                android:name="android.support.FILE_PROVIDER_PATHS"
174-->src/main/AndroidManifest.xml:191:17-67
175                android:resource="@xml/filepaths" />
175-->src/main/AndroidManifest.xml:192:17-50
176        </provider>
177
178        <service
178-->src/main/AndroidManifest.xml:195:9-210:19
179            android:name="ae.servia.app.DelegationService"
179-->src/main/AndroidManifest.xml:196:13-46
180            android:enabled="@bool/enableNotification"
180-->src/main/AndroidManifest.xml:197:13-55
181            android:exported="@bool/enableNotification" >
181-->src/main/AndroidManifest.xml:198:13-56
182            <meta-data
182-->src/main/AndroidManifest.xml:201:17-203:73
183                android:name="android.support.customtabs.trusted.SMALL_ICON"
183-->src/main/AndroidManifest.xml:202:21-81
184                android:resource="@drawable/ic_notification_icon" />
184-->src/main/AndroidManifest.xml:203:21-70
185
186            <intent-filter>
186-->src/main/AndroidManifest.xml:206:13-209:29
187                <action android:name="android.support.customtabs.trusted.TRUSTED_WEB_ACTIVITY_SERVICE" />
187-->src/main/AndroidManifest.xml:207:17-105
187-->src/main/AndroidManifest.xml:207:25-103
188
189                <category android:name="android.intent.category.DEFAULT" />
189-->src/main/AndroidManifest.xml:74:21-80
189-->src/main/AndroidManifest.xml:74:31-77
190            </intent-filter>
191        </service>
192
193        <activity android:name="com.google.androidbrowserhelper.trusted.NotificationPermissionRequestActivity" />
193-->src/main/AndroidManifest.xml:213:13-118
193-->src/main/AndroidManifest.xml:213:23-115
194
195        <!--
196     Servia widget receivers — injected into the generated AndroidManifest.xml
197     by the workflow's "Inject home-screen widgets" step. Each receiver
198     declares a separate AppWidgetProvider so the user gets multiple
199     pickable widgets in Android's "Widgets" menu under "Servia".
200        -->
201        <receiver
201-->src/main/AndroidManifest.xml:221:1-229:12
202            android:name="ae.servia.app.QuickBookWidget"
202-->src/main/AndroidManifest.xml:221:11-42
203            android:exported="true"
203-->src/main/AndroidManifest.xml:222:11-34
204            android:label="Servia · Quick book" >
204-->src/main/AndroidManifest.xml:223:11-46
205            <intent-filter>
205-->src/main/AndroidManifest.xml:224:5-226:21
206                <action android:name="android.appwidget.action.APPWIDGET_UPDATE" />
206-->src/main/AndroidManifest.xml:225:9-76
206-->src/main/AndroidManifest.xml:225:17-73
207            </intent-filter>
208
209            <meta-data
209-->src/main/AndroidManifest.xml:227:5-228:72
210                android:name="android.appwidget.provider"
210-->src/main/AndroidManifest.xml:227:16-57
211                android:resource="@xml/servia_quick_book_widget_info" />
211-->src/main/AndroidManifest.xml:228:16-69
212        </receiver>
213        <receiver
213-->src/main/AndroidManifest.xml:230:1-238:12
214            android:name="ae.servia.app.TrackBookingWidget"
214-->src/main/AndroidManifest.xml:230:11-45
215            android:exported="true"
215-->src/main/AndroidManifest.xml:231:11-34
216            android:label="Servia · Track booking" >
216-->src/main/AndroidManifest.xml:232:11-49
217            <intent-filter>
217-->src/main/AndroidManifest.xml:224:5-226:21
218                <action android:name="android.appwidget.action.APPWIDGET_UPDATE" />
218-->src/main/AndroidManifest.xml:225:9-76
218-->src/main/AndroidManifest.xml:225:17-73
219            </intent-filter>
220
221            <meta-data
221-->src/main/AndroidManifest.xml:227:5-228:72
222                android:name="android.appwidget.provider"
222-->src/main/AndroidManifest.xml:227:16-57
223                android:resource="@xml/servia_track_widget_info" />
223-->src/main/AndroidManifest.xml:228:16-69
224        </receiver>
225        <receiver
225-->src/main/AndroidManifest.xml:239:1-247:12
226            android:name="ae.servia.app.UpcomingBookingWidget"
226-->src/main/AndroidManifest.xml:239:11-48
227            android:exported="true"
227-->src/main/AndroidManifest.xml:240:11-34
228            android:label="Servia · Upcoming visit" >
228-->src/main/AndroidManifest.xml:241:11-50
229            <intent-filter>
229-->src/main/AndroidManifest.xml:224:5-226:21
230                <action android:name="android.appwidget.action.APPWIDGET_UPDATE" />
230-->src/main/AndroidManifest.xml:225:9-76
230-->src/main/AndroidManifest.xml:225:17-73
231            </intent-filter>
232
233            <meta-data
233-->src/main/AndroidManifest.xml:227:5-228:72
234                android:name="android.appwidget.provider"
234-->src/main/AndroidManifest.xml:227:16-57
235                android:resource="@xml/servia_upcoming_widget_info" />
235-->src/main/AndroidManifest.xml:228:16-69
236        </receiver>
237        <receiver
237-->src/main/AndroidManifest.xml:248:1-256:12
238            android:name="ae.servia.app.WhatsAppSupportWidget"
238-->src/main/AndroidManifest.xml:248:11-48
239            android:exported="true"
239-->src/main/AndroidManifest.xml:249:11-34
240            android:label="Servia · WhatsApp support" >
240-->src/main/AndroidManifest.xml:250:11-52
241            <intent-filter>
241-->src/main/AndroidManifest.xml:224:5-226:21
242                <action android:name="android.appwidget.action.APPWIDGET_UPDATE" />
242-->src/main/AndroidManifest.xml:225:9-76
242-->src/main/AndroidManifest.xml:225:17-73
243            </intent-filter>
244
245            <meta-data
245-->src/main/AndroidManifest.xml:227:5-228:72
246                android:name="android.appwidget.provider"
246-->src/main/AndroidManifest.xml:227:16-57
247                android:resource="@xml/servia_whatsapp_widget_info" />
247-->src/main/AndroidManifest.xml:228:16-69
248        </receiver>
249        <receiver
249-->src/main/AndroidManifest.xml:257:1-265:12
250            android:name="ae.servia.app.LoyaltyPointsWidget"
250-->src/main/AndroidManifest.xml:257:11-46
251            android:exported="true"
251-->src/main/AndroidManifest.xml:258:11-34
252            android:label="Servia · Ambassador tier" >
252-->src/main/AndroidManifest.xml:259:11-51
253            <intent-filter>
253-->src/main/AndroidManifest.xml:224:5-226:21
254                <action android:name="android.appwidget.action.APPWIDGET_UPDATE" />
254-->src/main/AndroidManifest.xml:225:9-76
254-->src/main/AndroidManifest.xml:225:17-73
255            </intent-filter>
256
257            <meta-data
257-->src/main/AndroidManifest.xml:227:5-228:72
258                android:name="android.appwidget.provider"
258-->src/main/AndroidManifest.xml:227:16-57
259                android:resource="@xml/servia_loyalty_widget_info" />
259-->src/main/AndroidManifest.xml:228:16-69
260        </receiver>
261        <receiver
261-->src/main/AndroidManifest.xml:266:1-274:12
262            android:name="ae.servia.app.DailyTipWidget"
262-->src/main/AndroidManifest.xml:266:11-41
263            android:exported="true"
263-->src/main/AndroidManifest.xml:267:11-34
264            android:label="Servia · Daily tip" >
264-->src/main/AndroidManifest.xml:268:11-45
265            <intent-filter>
265-->src/main/AndroidManifest.xml:224:5-226:21
266                <action android:name="android.appwidget.action.APPWIDGET_UPDATE" />
266-->src/main/AndroidManifest.xml:225:9-76
266-->src/main/AndroidManifest.xml:225:17-73
267            </intent-filter>
268
269            <meta-data
269-->src/main/AndroidManifest.xml:227:5-228:72
270                android:name="android.appwidget.provider"
270-->src/main/AndroidManifest.xml:227:16-57
271                android:resource="@xml/servia_dailytip_widget_info" />
271-->src/main/AndroidManifest.xml:228:16-69
272        </receiver>
273        <receiver
273-->src/main/AndroidManifest.xml:275:1-283:12
274            android:name="ae.servia.app.QuickQuoteWidget"
274-->src/main/AndroidManifest.xml:275:11-43
275            android:exported="true"
275-->src/main/AndroidManifest.xml:276:11-34
276            android:label="Servia · Quick quote" >
276-->src/main/AndroidManifest.xml:277:11-47
277            <intent-filter>
277-->src/main/AndroidManifest.xml:224:5-226:21
278                <action android:name="android.appwidget.action.APPWIDGET_UPDATE" />
278-->src/main/AndroidManifest.xml:225:9-76
278-->src/main/AndroidManifest.xml:225:17-73
279            </intent-filter>
280
281            <meta-data
281-->src/main/AndroidManifest.xml:227:5-228:72
282                android:name="android.appwidget.provider"
282-->src/main/AndroidManifest.xml:227:16-57
283                android:resource="@xml/servia_quote_widget_info" />
283-->src/main/AndroidManifest.xml:228:16-69
284        </receiver>
285        <receiver
285-->src/main/AndroidManifest.xml:284:1-292:12
286            android:name="ae.servia.app.SearchWidget"
286-->src/main/AndroidManifest.xml:284:11-39
287            android:exported="true"
287-->src/main/AndroidManifest.xml:285:11-34
288            android:label="Servia · Search" >
288-->src/main/AndroidManifest.xml:286:11-42
289            <intent-filter>
289-->src/main/AndroidManifest.xml:224:5-226:21
290                <action android:name="android.appwidget.action.APPWIDGET_UPDATE" />
290-->src/main/AndroidManifest.xml:225:9-76
290-->src/main/AndroidManifest.xml:225:17-73
291            </intent-filter>
292
293            <meta-data
293-->src/main/AndroidManifest.xml:227:5-228:72
294                android:name="android.appwidget.provider"
294-->src/main/AndroidManifest.xml:227:16-57
295                android:resource="@xml/servia_search_widget_info" />
295-->src/main/AndroidManifest.xml:228:16-69
296        </receiver>
297        <receiver
297-->src/main/AndroidManifest.xml:293:1-301:12
298            android:name="ae.servia.app.AskServiaWidget"
298-->src/main/AndroidManifest.xml:293:11-42
299            android:exported="true"
299-->src/main/AndroidManifest.xml:294:11-34
300            android:label="Servia · Ask Servia" >
300-->src/main/AndroidManifest.xml:295:11-46
301            <intent-filter>
301-->src/main/AndroidManifest.xml:224:5-226:21
302                <action android:name="android.appwidget.action.APPWIDGET_UPDATE" />
302-->src/main/AndroidManifest.xml:225:9-76
302-->src/main/AndroidManifest.xml:225:17-73
303            </intent-filter>
304
305            <meta-data
305-->src/main/AndroidManifest.xml:227:5-228:72
306                android:name="android.appwidget.provider"
306-->src/main/AndroidManifest.xml:227:16-57
307                android:resource="@xml/servia_ask_widget_info" />
307-->src/main/AndroidManifest.xml:228:16-69
308        </receiver>
309
310        <provider
310-->[androidx.emoji2:emoji2:1.3.0] AndroidManifest.xml:24:9-32:20
311            android:name="androidx.startup.InitializationProvider"
311-->[androidx.emoji2:emoji2:1.3.0] AndroidManifest.xml:25:13-67
312            android:authorities="ae.servia.app.androidx-startup"
312-->[androidx.emoji2:emoji2:1.3.0] AndroidManifest.xml:26:13-68
313            android:exported="false" >
313-->[androidx.emoji2:emoji2:1.3.0] AndroidManifest.xml:27:13-37
314            <meta-data
314-->[androidx.emoji2:emoji2:1.3.0] AndroidManifest.xml:29:13-31:52
315                android:name="androidx.emoji2.text.EmojiCompatInitializer"
315-->[androidx.emoji2:emoji2:1.3.0] AndroidManifest.xml:30:17-75
316                android:value="androidx.startup" />
316-->[androidx.emoji2:emoji2:1.3.0] AndroidManifest.xml:31:17-49
317            <meta-data
317-->[androidx.lifecycle:lifecycle-process:2.6.2] AndroidManifest.xml:29:13-31:52
318                android:name="androidx.lifecycle.ProcessLifecycleInitializer"
318-->[androidx.lifecycle:lifecycle-process:2.6.2] AndroidManifest.xml:30:17-78
319                android:value="androidx.startup" />
319-->[androidx.lifecycle:lifecycle-process:2.6.2] AndroidManifest.xml:31:17-49
320            <meta-data
320-->[androidx.profileinstaller:profileinstaller:1.3.1] AndroidManifest.xml:29:13-31:52
321                android:name="androidx.profileinstaller.ProfileInstallerInitializer"
321-->[androidx.profileinstaller:profileinstaller:1.3.1] AndroidManifest.xml:30:17-85
322                android:value="androidx.startup" />
322-->[androidx.profileinstaller:profileinstaller:1.3.1] AndroidManifest.xml:31:17-49
323        </provider>
324
325        <receiver
325-->[androidx.profileinstaller:profileinstaller:1.3.1] AndroidManifest.xml:34:9-52:20
326            android:name="androidx.profileinstaller.ProfileInstallReceiver"
326-->[androidx.profileinstaller:profileinstaller:1.3.1] AndroidManifest.xml:35:13-76
327            android:directBootAware="false"
327-->[androidx.profileinstaller:profileinstaller:1.3.1] AndroidManifest.xml:36:13-44
328            android:enabled="true"
328-->[androidx.profileinstaller:profileinstaller:1.3.1] AndroidManifest.xml:37:13-35
329            android:exported="true"
329-->[androidx.profileinstaller:profileinstaller:1.3.1] AndroidManifest.xml:38:13-36
330            android:permission="android.permission.DUMP" >
330-->[androidx.profileinstaller:profileinstaller:1.3.1] AndroidManifest.xml:39:13-57
331            <intent-filter>
331-->[androidx.profileinstaller:profileinstaller:1.3.1] AndroidManifest.xml:40:13-42:29
332                <action android:name="androidx.profileinstaller.action.INSTALL_PROFILE" />
332-->[androidx.profileinstaller:profileinstaller:1.3.1] AndroidManifest.xml:41:17-91
332-->[androidx.profileinstaller:profileinstaller:1.3.1] AndroidManifest.xml:41:25-88
333            </intent-filter>
334            <intent-filter>
334-->[androidx.profileinstaller:profileinstaller:1.3.1] AndroidManifest.xml:43:13-45:29
335                <action android:name="androidx.profileinstaller.action.SKIP_FILE" />
335-->[androidx.profileinstaller:profileinstaller:1.3.1] AndroidManifest.xml:44:17-85
335-->[androidx.profileinstaller:profileinstaller:1.3.1] AndroidManifest.xml:44:25-82
336            </intent-filter>
337            <intent-filter>
337-->[androidx.profileinstaller:profileinstaller:1.3.1] AndroidManifest.xml:46:13-48:29
338                <action android:name="androidx.profileinstaller.action.SAVE_PROFILE" />
338-->[androidx.profileinstaller:profileinstaller:1.3.1] AndroidManifest.xml:47:17-88
338-->[androidx.profileinstaller:profileinstaller:1.3.1] AndroidManifest.xml:47:25-85
339            </intent-filter>
340            <intent-filter>
340-->[androidx.profileinstaller:profileinstaller:1.3.1] AndroidManifest.xml:49:13-51:29
341                <action android:name="androidx.profileinstaller.action.BENCHMARK_OPERATION" />
341-->[androidx.profileinstaller:profileinstaller:1.3.1] AndroidManifest.xml:50:17-95
341-->[androidx.profileinstaller:profileinstaller:1.3.1] AndroidManifest.xml:50:25-92
342            </intent-filter>
343        </receiver>
344    </application>
345
346</manifest>